Warning: skipping mate #2 of read 'SRR13282500.486127 486127/2' because length (1) <= # seed mismatches (0)
Warning: skipping mate #2 of read 'SRR13282500.486127 486127/2' because it was < 2 characters long
Warning: skipping mate #2 of read 'SRR13282500.86619 86619/2' because length (1) <= # seed mismatches (0)
Warning: skipping mate #2 of read 'SRR13282500.86619 86619/2' because it was < 2 characters long
Warning: skipping mate #2 of read 'SRR13282500.195543 195543/2' because length (1) <= # seed mismatches (0)
Warning: skipping mate #2 of read 'SRR13282500.195543 195543/2' because it was < 2 characters long
Warning: skipping mate #2 of read 'SRR13282500.339360 339360/2' because length (1) <= # seed mismatches (0)
Warning: skipping mate #2 of read 'SRR13282500.339360 339360/2' because it was < 2 characters long
10000 reads; of these:
  10000 (100.00%) were paired; of these:
    4614 (46.14%) aligned concordantly 0 times
    4987 (49.87%) aligned concordantly exactly 1 time
    399 (3.99%) aligned concordantly >1 times
    ----
    4614 pairs aligned concordantly 0 times; of these:
      717 (15.54%) aligned discordantly 1 time
    ----
    3897 pairs aligned 0 times concordantly or discordantly; of these:
      7794 mates make up the pairs; of these:
        6945 (89.11%) aligned 0 times
        690 (8.85%) aligned exactly 1 time
        159 (2.04%) aligned >1 times
65.28% overall alignment rate
